

================================================================
== Vivado HLS Report for 'prodMat'
================================================================
* Date:           Sun Oct  7 02:41:14 2018

* Version:        2018.2 (Build 2258646 on Thu Jun 14 20:25:20 MDT 2018)
* Project:        practica1_clase
* Solution:       solution1
* Product family: zynq
* Target device:  xc7z020clg484-1


================================================================
== Performance Estimates
================================================================
+ Timing (ns): 
    * Summary: 
    +--------+-------+----------+------------+
    |  Clock | Target| Estimated| Uncertainty|
    +--------+-------+----------+------------+
    |ap_clk  |  10.00|     7.625|        2.00|
    +--------+-------+----------+------------+

+ Latency (clock cycles): 
    * Summary: 
    +-----+-----+-----+-----+---------+
    |  Latency  |  Interval | Pipeline|
    | min | max | min | max |   Type  |
    +-----+-----+-----+-----+---------+
    |  155|  155|  155|  155|   none  |
    +-----+-----+-----+-----+---------+

    + Detail: 
        * Instance: 
        N/A

        * Loop: 
        +-------------+-----+-----+----------+-----------+-----------+------+----------+
        |             |  Latency  | Iteration|  Initiation Interval  | Trip |          |
        |  Loop Name  | min | max |  Latency |  achieved |   target  | Count| Pipelined|
        +-------------+-----+-----+----------+-----------+-----------+------+----------+
        |- lazoFilas  |  153|  153|        19|         15|          1|    10|    yes   |
        +-------------+-----+-----+----------+-----------+-----------+------+----------+



================================================================
== Utilization Estimates
================================================================
* Summary: 
+-----------------+---------+-------+--------+-------+
|       Name      | BRAM_18K| DSP48E|   FF   |  LUT  |
+-----------------+---------+-------+--------+-------+
|DSP              |        -|      -|       -|      -|
|Expression       |        -|      -|       0|    954|
|FIFO             |        -|      -|       -|      -|
|Instance         |        -|    100|    4125|   1250|
|Memory           |        -|      -|       -|      -|
|Multiplexer      |        -|      -|       -|    366|
|Register         |        -|      -|    1553|      -|
+-----------------+---------+-------+--------+-------+
|Total            |        0|    100|    5678|   2570|
+-----------------+---------+-------+--------+-------+
|Available        |      280|    220|  106400|  53200|
+-----------------+---------+-------+--------+-------+
|Utilization (%)  |        0|     45|       5|      4|
+-----------------+---------+-------+--------+-------+

+ Detail: 
    * Instance: 
    +--------------------------+----------------------+---------+-------+-----+----+
    |         Instance         |        Module        | BRAM_18K| DSP48E|  FF | LUT|
    +--------------------------+----------------------+---------+-------+-----+----+
    |prodMat_mul_32s_3bkb_U1   |prodMat_mul_32s_3bkb  |        0|      4|  165|  50|
    |prodMat_mul_32s_3bkb_U2   |prodMat_mul_32s_3bkb  |        0|      4|  165|  50|
    |prodMat_mul_32s_3bkb_U3   |prodMat_mul_32s_3bkb  |        0|      4|  165|  50|
    |prodMat_mul_32s_3bkb_U4   |prodMat_mul_32s_3bkb  |        0|      4|  165|  50|
    |prodMat_mul_32s_3bkb_U5   |prodMat_mul_32s_3bkb  |        0|      4|  165|  50|
    |prodMat_mul_32s_3bkb_U6   |prodMat_mul_32s_3bkb  |        0|      4|  165|  50|
    |prodMat_mul_32s_3bkb_U7   |prodMat_mul_32s_3bkb  |        0|      4|  165|  50|
    |prodMat_mul_32s_3bkb_U8   |prodMat_mul_32s_3bkb  |        0|      4|  165|  50|
    |prodMat_mul_32s_3bkb_U9   |prodMat_mul_32s_3bkb  |        0|      4|  165|  50|
    |prodMat_mul_32s_3bkb_U10  |prodMat_mul_32s_3bkb  |        0|      4|  165|  50|
    |prodMat_mul_32s_3bkb_U11  |prodMat_mul_32s_3bkb  |        0|      4|  165|  50|
    |prodMat_mul_32s_3bkb_U12  |prodMat_mul_32s_3bkb  |        0|      4|  165|  50|
    |prodMat_mul_32s_3bkb_U13  |prodMat_mul_32s_3bkb  |        0|      4|  165|  50|
    |prodMat_mul_32s_3bkb_U14  |prodMat_mul_32s_3bkb  |        0|      4|  165|  50|
    |prodMat_mul_32s_3bkb_U15  |prodMat_mul_32s_3bkb  |        0|      4|  165|  50|
    |prodMat_mul_32s_3bkb_U16  |prodMat_mul_32s_3bkb  |        0|      4|  165|  50|
    |prodMat_mul_32s_3bkb_U17  |prodMat_mul_32s_3bkb  |        0|      4|  165|  50|
    |prodMat_mul_32s_3bkb_U18  |prodMat_mul_32s_3bkb  |        0|      4|  165|  50|
    |prodMat_mul_32s_3bkb_U19  |prodMat_mul_32s_3bkb  |        0|      4|  165|  50|
    |prodMat_mul_32s_3bkb_U20  |prodMat_mul_32s_3bkb  |        0|      4|  165|  50|
    |prodMat_mul_32s_3bkb_U21  |prodMat_mul_32s_3bkb  |        0|      4|  165|  50|
    |prodMat_mul_32s_3bkb_U22  |prodMat_mul_32s_3bkb  |        0|      4|  165|  50|
    |prodMat_mul_32s_3bkb_U23  |prodMat_mul_32s_3bkb  |        0|      4|  165|  50|
    |prodMat_mul_32s_3bkb_U24  |prodMat_mul_32s_3bkb  |        0|      4|  165|  50|
    |prodMat_mul_32s_3bkb_U25  |prodMat_mul_32s_3bkb  |        0|      4|  165|  50|
    +--------------------------+----------------------+---------+-------+-----+----+
    |Total                     |                      |        0|    100| 4125|1250|
    +--------------------------+----------------------+---------+-------+-----+----+

    * DSP48: 
    N/A

    * Memory: 
    N/A

    * FIFO: 
    N/A

    * Expression: 
    +-------------------------+----------+-------+---+----+------------+------------+
    |      Variable Name      | Operation| DSP48E| FF| LUT| Bitwidth P0| Bitwidth P1|
    +-------------------------+----------+-------+---+----+------------+------------+
    |grp_fu_547_p2            |     +    |      0|  0|  32|          32|          32|
    |grp_fu_553_p2            |     +    |      0|  0|  32|          32|          32|
    |i_1_fu_565_p2            |     +    |      0|  0|  13|           4|           1|
    |prod_1_0_5_fu_818_p2     |     +    |      0|  0|  32|          32|          32|
    |prod_1_1_5_fu_862_p2     |     +    |      0|  0|  32|          32|          32|
    |prod_1_2_5_fu_872_p2     |     +    |      0|  0|  32|          32|          32|
    |prod_1_3_5_fu_902_p2     |     +    |      0|  0|  32|          32|          32|
    |prod_1_4_5_fu_912_p2     |     +    |      0|  0|  32|          32|          32|
    |tmp10_fu_768_p2          |     +    |      0|  0|  39|          32|          32|
    |tmp11_fu_868_p2          |     +    |      0|  0|  32|          32|          32|
    |tmp12_fu_782_p2          |     +    |      0|  0|  32|          32|          32|
    |tmp13_fu_786_p2          |     +    |      0|  0|  32|          32|          32|
    |tmp14_fu_791_p2          |     +    |      0|  0|  39|          32|          32|
    |tmp15_fu_898_p2          |     +    |      0|  0|  32|          32|          32|
    |tmp18_fu_832_p2          |     +    |      0|  0|  39|          32|          32|
    |tmp19_fu_908_p2          |     +    |      0|  0|  32|          32|          32|
    |tmp3_fu_814_p2           |     +    |      0|  0|  32|          32|          32|
    |tmp4_fu_695_p2           |     +    |      0|  0|  39|          32|          32|
    |tmp5_fu_709_p2           |     +    |      0|  0|  32|          32|          32|
    |tmp6_fu_705_p2           |     +    |      0|  0|  32|          32|          32|
    |tmp7_fu_858_p2           |     +    |      0|  0|  32|          32|          32|
    |tmp8_fu_724_p2           |     +    |      0|  0|  39|          32|          32|
    |tmp9_fu_753_p2           |     +    |      0|  0|  32|          32|          32|
    |tmp_12_fu_635_p2         |     +    |      0|  0|  15|           7|           2|
    |tmp_13_fu_655_p2         |     +    |      0|  0|  15|           7|           2|
    |tmp_14_fu_645_p2         |     +    |      0|  0|  15|           7|           3|
    |tmp_15_fu_665_p2         |     +    |      0|  0|  15|           7|           3|
    |tmp_3_fu_587_p2          |     +    |      0|  0|  15|           7|           7|
    |tmp_4_fu_838_p2          |     +    |      0|  0|  15|           7|           1|
    |tmp_6_fu_848_p2          |     +    |      0|  0|  15|           7|           2|
    |tmp_7_fu_878_p2          |     +    |      0|  0|  15|           7|           2|
    |tmp_8_fu_888_p2          |     +    |      0|  0|  15|           7|           3|
    |tmp_fu_749_p2            |     +    |      0|  0|  32|          32|          32|
    |tmp_10_fu_613_p2         |     -    |      0|  0|  15|           7|           7|
    |exitcond2_fu_559_p2      |   icmp   |      0|  0|   9|           4|           4|
    |tmp_11_fu_624_p2         |    or    |      0|  0|   7|           7|           1|
    |ap_enable_pp0            |    xor   |      0|  0|   2|           1|           2|
    |ap_enable_reg_pp0_iter1  |    xor   |      0|  0|   2|           2|           1|
    +-------------------------+----------+-------+---+----+------------+------------+
    |Total                    |          |      0|  0| 954|         824|         777|
    +-------------------------+----------+-------+---+----+------------+------------+

    * Multiplexer: 
    +----------------------------+----+-----------+-----+-----------+
    |            Name            | LUT| Input Size| Bits| Total Bits|
    +----------------------------+----+-----------+-----+-----------+
    |A_address0                  |  21|          4|    6|         24|
    |A_address1                  |  21|          4|    6|         24|
    |B_address0                  |  65|         16|    5|         80|
    |B_address1                  |  65|         16|    5|         80|
    |R_address0                  |  21|          4|    6|         24|
    |R_address1                  |  15|          3|    6|         18|
    |R_d0                        |  21|          4|   32|        128|
    |R_d1                        |  15|          3|   32|         96|
    |ap_NS_fsm                   |  89|         18|    1|         18|
    |ap_enable_reg_pp0_iter1     |  15|          3|    1|          3|
    |ap_phi_mux_i_phi_fu_479_p4  |   9|          2|    4|          8|
    |i_reg_475                   |   9|          2|    4|          8|
    +----------------------------+----+-----------+-----+-----------+
    |Total                       | 366|         79|  108|        511|
    +----------------------------+----+-----------+-----+-----------+

    * Register: 
    +----------------------------------+----+----+-----+-----------+
    |               Name               | FF | LUT| Bits| Const Bits|
    +----------------------------------+----+----+-----+-----------+
    |A_load_1_reg_1122                 |  32|   0|   32|          0|
    |A_load_2_reg_1140                 |  32|   0|   32|          0|
    |A_load_3_reg_1156                 |  32|   0|   32|          0|
    |A_load_4_reg_1148                 |  32|   0|   32|          0|
    |A_load_5_reg_1165                 |  32|   0|   32|          0|
    |A_load_reg_1114                   |  32|   0|   32|          0|
    |B_load_21_reg_1293                |  32|   0|   32|          0|
    |B_load_27_reg_1298                |  32|   0|   32|          0|
    |ap_CS_fsm                         |  17|   0|   17|          0|
    |ap_enable_reg_pp0_iter0           |   1|   0|    1|          0|
    |ap_enable_reg_pp0_iter1           |   1|   0|    1|          0|
    |exitcond2_reg_1068                |   1|   0|    1|          0|
    |exitcond2_reg_1068_pp0_iter1_reg  |   1|   0|    1|          0|
    |i_1_reg_1072                      |   4|   0|    4|          0|
    |i_reg_475                         |   4|   0|    4|          0|
    |reg_486                           |  32|   0|   32|          0|
    |reg_490                           |  32|   0|   32|          0|
    |reg_494                           |  32|   0|   32|          0|
    |reg_498                           |  32|   0|   32|          0|
    |reg_527                           |  32|   0|   32|          0|
    |reg_531                           |  32|   0|   32|          0|
    |reg_535                           |  32|   0|   32|          0|
    |reg_539                           |  32|   0|   32|          0|
    |reg_543                           |  32|   0|   32|          0|
    |tmp10_reg_1253                    |  32|   0|   32|          0|
    |tmp13_reg_1278                    |  32|   0|   32|          0|
    |tmp14_reg_1283                    |  32|   0|   32|          0|
    |tmp17_reg_1303                    |  32|   0|   32|          0|
    |tmp18_reg_1318                    |  32|   0|   32|          0|
    |tmp1_reg_1178                     |  32|   0|   32|          0|
    |tmp4_reg_1188                     |  32|   0|   32|          0|
    |tmp5_reg_1208                     |  32|   0|   32|          0|
    |tmp8_reg_1213                     |  32|   0|   32|          0|
    |tmp9_reg_1243                     |  32|   0|   32|          0|
    |tmp_10_reg_1086                   |   6|   0|    7|          1|
    |tmp_3_reg_1077                    |   7|   0|    7|          0|
    |tmp_3_reg_1077_pp0_iter1_reg      |   7|   0|    7|          0|
    |tmp_5_0_3_reg_1288                |  32|   0|   32|          0|
    |tmp_5_0_5_reg_1173                |  32|   0|   32|          0|
    |tmp_5_1_1_reg_1193                |  32|   0|   32|          0|
    |tmp_5_1_2_reg_1198                |  32|   0|   32|          0|
    |tmp_5_1_3_reg_1308                |  32|   0|   32|          0|
    |tmp_5_1_4_reg_1203                |  32|   0|   32|          0|
    |tmp_5_1_reg_1183                  |  32|   0|   32|          0|
    |tmp_5_2_1_reg_1223                |  32|   0|   32|          0|
    |tmp_5_2_2_reg_1228                |  32|   0|   32|          0|
    |tmp_5_2_3_reg_1313                |  32|   0|   32|          0|
    |tmp_5_2_4_reg_1233                |  32|   0|   32|          0|
    |tmp_5_2_5_reg_1238                |  32|   0|   32|          0|
    |tmp_5_2_reg_1218                  |  32|   0|   32|          0|
    |tmp_5_3_1_reg_1258                |  32|   0|   32|          0|
    |tmp_5_3_2_reg_1263                |  32|   0|   32|          0|
    |tmp_5_3_3_reg_1323                |  32|   0|   32|          0|
    |tmp_5_3_4_reg_1268                |  32|   0|   32|          0|
    |tmp_5_3_5_reg_1273                |  32|   0|   32|          0|
    |tmp_5_3_reg_1248                  |  32|   0|   32|          0|
    |tmp_5_4_3_reg_1328                |  32|   0|   32|          0|
    +----------------------------------+----+----+-----+-----------+
    |Total                             |1553|   0| 1554|          1|
    +----------------------------------+----+----+-----+-----------+



================================================================
== Interface
================================================================
* Summary: 
+------------+-----+-----+------------+--------------+--------------+
|  RTL Ports | Dir | Bits|  Protocol  | Source Object|    C Type    |
+------------+-----+-----+------------+--------------+--------------+
|ap_clk      |  in |    1| ap_ctrl_hs |    prodMat   | return value |
|ap_rst      |  in |    1| ap_ctrl_hs |    prodMat   | return value |
|ap_start    |  in |    1| ap_ctrl_hs |    prodMat   | return value |
|ap_done     | out |    1| ap_ctrl_hs |    prodMat   | return value |
|ap_idle     | out |    1| ap_ctrl_hs |    prodMat   | return value |
|ap_ready    | out |    1| ap_ctrl_hs |    prodMat   | return value |
|R_address0  | out |    6|  ap_memory |       R      |     array    |
|R_ce0       | out |    1|  ap_memory |       R      |     array    |
|R_we0       | out |    1|  ap_memory |       R      |     array    |
|R_d0        | out |   32|  ap_memory |       R      |     array    |
|R_address1  | out |    6|  ap_memory |       R      |     array    |
|R_ce1       | out |    1|  ap_memory |       R      |     array    |
|R_we1       | out |    1|  ap_memory |       R      |     array    |
|R_d1        | out |   32|  ap_memory |       R      |     array    |
|A_address0  | out |    6|  ap_memory |       A      |     array    |
|A_ce0       | out |    1|  ap_memory |       A      |     array    |
|A_q0        |  in |   32|  ap_memory |       A      |     array    |
|A_address1  | out |    6|  ap_memory |       A      |     array    |
|A_ce1       | out |    1|  ap_memory |       A      |     array    |
|A_q1        |  in |   32|  ap_memory |       A      |     array    |
|B_address0  | out |    5|  ap_memory |       B      |     array    |
|B_ce0       | out |    1|  ap_memory |       B      |     array    |
|B_q0        |  in |   32|  ap_memory |       B      |     array    |
|B_address1  | out |    5|  ap_memory |       B      |     array    |
|B_ce1       | out |    1|  ap_memory |       B      |     array    |
|B_q1        |  in |   32|  ap_memory |       B      |     array    |
+------------+-----+-----+------------+--------------+--------------+

