INFO-FLOW: Workspace /home/betegon/vivado/practica1_clase/solution1 opened at Sun Oct 07 02:41:02 CEST 2018
Execute     config_clock -quiet -name default -period 10 -default=false 
INFO: [SYN 201-201] Setting up clock 'default' with a period of 10ns.
Execute     config_clock -quiet -name default -uncertainty 2 
INFO: [SYN 201-201] Setting up clock 'default' with an uncertainty of 2ns.
Execute     open_platform DefaultPlatform 
Execute     import_lib /opt/Xilinx/Vivado/2018.2/common/technology/xilinx/zynq/zynq 
Execute       source /opt/Xilinx/Vivado/2018.2/common/technology/xilinx/common/xilinx.lib 
Execute         source /opt/Xilinx/Vivado/2018.2/common/technology/xilinx/interface/xilinx_interface.lib 
Execute           source /opt/Xilinx/Vivado/2018.2/common/technology/xilinx/interface/plb46.lib 
Execute           source /opt/Xilinx/Vivado/2018.2/common/technology/xilinx/interface/fsl.lib 
Execute           source /opt/Xilinx/Vivado/2018.2/common/technology/xilinx/interface/axi4.lib 
Execute           source /opt/Xilinx/Vivado/2018.2/common/technology/xilinx/interface/maxi.lib 
Execute           source /opt/Xilinx/Vivado/2018.2/common/technology/xilinx/interface/saxilite.lib 
Execute         source /opt/Xilinx/Vivado/2018.2/common/technology/xilinx/common/dsp48.lib 
Execute         source /opt/Xilinx/Vivado/2018.2/common/technology/xilinx/ip/xfir.lib 
Execute         source /opt/Xilinx/Vivado/2018.2/common/technology/xilinx/ip/xfft.lib 
Execute         source /opt/Xilinx/Vivado/2018.2/common/technology/xilinx/ip/dds_compiler.lib 
Execute       source /opt/Xilinx/Vivado/2018.2/common/technology/xilinx/common/xilinx_old.lib 
Execute       source /opt/Xilinx/Vivado/2018.2/common/technology/xilinx/common/xilinx_vivado.lib 
Execute       source /opt/Xilinx/Vivado/2018.2/common/technology/xilinx/common/xilinx.hlp 
Execute         source /opt/Xilinx/Vivado/2018.2/common/technology/xilinx/common/target_info.tcl 
Execute         source /opt/Xilinx/Vivado/2018.2/common/technology/xilinx/interface/xilinx_interface.hlp 
Execute           source /opt/Xilinx/Vivado/2018.2/common/technology/xilinx/interface/maxi.hlp 
Execute           source /opt/Xilinx/Vivado/2018.2/common/technology/xilinx/interface/saxilite.hlp 
Execute         source /opt/Xilinx/Vivado/2018.2/common/technology/xilinx/common/dsp48.hlp 
Execute       source /opt/Xilinx/Vivado/2018.2/common/technology/xilinx/zynq/dsp48e1.hlp 
Execute       get_default_platform 
Execute       config_chip_info -quiet -resource  {SLICE 13300}  {LUT 53200}     {FF 106400} {DSP48E 220}   {BRAM 280}  
Execute       config_chip_info -quiet -speed medium 
Execute       source /opt/Xilinx/Vivado/2018.2/common/technology/xilinx/common/xilinx.hlp 
Execute         source /opt/Xilinx/Vivado/2018.2/common/technology/xilinx/common/target_info.tcl 
Execute         source /opt/Xilinx/Vivado/2018.2/common/technology/xilinx/interface/xilinx_interface.hlp 
Execute           source /opt/Xilinx/Vivado/2018.2/common/technology/xilinx/interface/maxi.hlp 
Execute           source /opt/Xilinx/Vivado/2018.2/common/technology/xilinx/interface/saxilite.hlp 
Execute         source /opt/Xilinx/Vivado/2018.2/common/technology/xilinx/common/dsp48.hlp 
Execute     source /opt/Xilinx/Vivado/2018.2/common/technology/xilinx/zynq/zynq.gen 
Execute       source /opt/Xilinx/Vivado/2018.2/common/technology/xilinx/common/virtex.gen 
Execute         source /opt/Xilinx/Vivado/2018.2/common/technology/xilinx/common/xilinx.gen 
Execute           source /opt/Xilinx/Vivado/2018.2/common/technology/xilinx/interface/plb46.gen 
Execute           source /opt/Xilinx/Vivado/2018.2/common/technology/xilinx/interface/fsl.gen 
Execute           source /opt/Xilinx/Vivado/2018.2/common/technology/xilinx/interface/axi4.gen 
Execute           source /opt/Xilinx/Vivado/2018.2/common/technology/xilinx/interface/nativeAXI4.gen 
Execute             source /opt/Xilinx/Vivado/2018.2/common/technology/xilinx/interface/saxilite.gen 
Execute             source /opt/Xilinx/Vivado/2018.2/common/technology/xilinx/interface/maxi.gen 
Execute           source /opt/Xilinx/Vivado/2018.2/common/technology/xilinx/scripts/xilinxcoregen.gen 
Execute           source /opt/Xilinx/Vivado/2018.2/common/technology/xilinx/interface/XilEDKCoreGen.gen 
Execute           source /opt/Xilinx/Vivado/2018.2/common/technology/xilinx/ip/dds_compiler.gen 
Execute           source /opt/Xilinx/Vivado/2018.2/common/technology/xilinx/ip/util.gen 
Execute           source /opt/Xilinx/Vivado/2018.2/common/technology/xilinx/ip/xfft.gen 
Execute           source /opt/Xilinx/Vivado/2018.2/common/technology/xilinx/ip/xfir.gen 
Execute         source /opt/Xilinx/Vivado/2018.2/common/technology/xilinx/common/dsp48.gen 
Execute     open_platform DefaultPlatform 
Execute     import_lib /opt/Xilinx/Vivado/2018.2/common/technology/xilinx/zynq/zynq_fpv6 
Execute       source /opt/Xilinx/Vivado/2018.2/common/technology/xilinx/common/xilinx_fpv7.lib 
Execute         source /opt/Xilinx/Vivado/2018.2/common/technology/xilinx/common/xilinx_hp.lib 
Execute       source /opt/Xilinx/Vivado/2018.2/common/technology/xilinx/common/xilinx_fpv.hlp 
Execute         source /opt/Xilinx/Vivado/2018.2/common/technology/xilinx/common/xilinx.hlp 
Execute           source /opt/Xilinx/Vivado/2018.2/common/technology/xilinx/common/target_info.tcl 
Execute           source /opt/Xilinx/Vivado/2018.2/common/technology/xilinx/interface/xilinx_interface.hlp 
Execute             source /opt/Xilinx/Vivado/2018.2/common/technology/xilinx/interface/maxi.hlp 
Execute             source /opt/Xilinx/Vivado/2018.2/common/technology/xilinx/interface/saxilite.hlp 
Execute           source /opt/Xilinx/Vivado/2018.2/common/technology/xilinx/common/dsp48.hlp 
Execute       source /opt/Xilinx/Vivado/2018.2/common/technology/xilinx/zynq/zynq_hp.hlp 
Execute     source /opt/Xilinx/Vivado/2018.2/common/technology/xilinx/zynq/zynq_fpv6.gen 
Execute       source /opt/Xilinx/Vivado/2018.2/common/technology/xilinx/common/xilinx_fpv6.gen 
Execute     set_part xc7z020clg484-1 
Execute       add_library xilinx/zynq/zynq:xc7z020:clg484:-1 
Execute         get_default_platform 
Execute         license_isbetapart xc7z020 
Command         license_isbetapart done; error code: 1; 
Execute         get_default_platform 
Execute         config_chip_info -quiet -resource  {SLICE 13300}  {LUT 53200}     {FF 106400} {DSP48E 220}   {BRAM 280}  
Execute         config_chip_info -quiet -speed slow 
Execute       add_library xilinx/zynq/zynq_fpv6 
Execute         get_default_platform 
INFO: [HLS 200-10] Setting target device to 'xc7z020clg484-1'
Execute       get_default_platform 
Execute     get_default_platform 
Execute     config_chip_info -quiet -resource  {SLICE 13300}  {LUT 53200}     {FF 106400} {DSP48E 220}   {BRAM 280}  
Execute     config_chip_info -quiet -speed slow 
Command   open_solution done; 0.18 sec.
Execute   set_part xc7z020clg484-1 -tool vivado 
Execute     add_library xilinx/zynq/zynq:xc7z020:clg484:-1 
Execute       get_default_platform 
Execute       license_isbetapart xc7z020 
Command       license_isbetapart done; error code: 1; 
Execute       get_default_platform 
Execute       config_chip_info -quiet -resource  {SLICE 13300}  {LUT 53200}     {FF 106400} {DSP48E 220}   {BRAM 280}  
Execute       config_chip_info -quiet -speed slow 
Execute     add_library xilinx/zynq/zynq_fpv6 
Execute       get_default_platform 
Execute     get_default_platform 
Execute   create_clock -period 10 -name default 
Execute   set_clock_uncertainty 2 
Execute   source ./practica1_clase/solution1/directives.tcl 
Execute     set_directive_pipeline prodMat/lazoFilas 
INFO-FLOW: Setting directive 'PIPELINE' 
Execute   csynth_design 
Execute     get_config_compile -effort 
Execute     get_config_compile -enable_clang39 
Execute     get_config_compile -g 
Execute     get_config_compile -lm 
Execute     get_config_compile -ng 
Execute     get_config_compile -opt_fp 
Execute     get_config_compile -skip_cdt 
Execute     get_config_compile -skip_syncheck 
Execute     get_config_compile -skip_transform 
Execute     get_config_compile -keep_printf 
Execute     elaborate -effort=medium -skip_syncheck=0 -keep_printf=0 -lm=0 -skip_cdt=0 -skip_transform=0 -ng=0 -g=0 -opt_fp=0 -from_csynth_design=1 
Execute       get_config_schedule -relax_ii_for_timing 
Execute       get_config_schedule -suppress_dependence_error_break 
INFO: [HLS 200-10] Analyzing design file 'practica1_clase/solution1/test/test.c' ... 
INFO-FLOW: Compiling one TU...
Execute       is_m_axi_addr64 
INFO-FLOW: Handling practica1_clase/solution1/test/test.c as C
Execute       get_default_platform 
Execute       is_encrypted practica1_clase/solution1/test/test.c 
INFO-FLOW: Source preprocessing
Execute       clang  -fno-limit-debug-info -gcc-toolchain "/opt/Xilinx/Vivado/2018.2/lnx64/tools/gcc" -hls  -fno-exceptions  -D__llvm__  -E "practica1_clase/solution1/test/test.c"     -fno-math-errno -c -emit-llvm -O0  -mllvm -disable-llvm-optzns -std=gnu89   -DAESL_SYN -D__SYNTHESIS__ -D__HLS_SYN__ -I "/opt/Xilinx/Vivado/2018.2/common/technology/autopilot" -I "/opt/Xilinx/Vivado/2018.2/common/technology/autopilot/ap_sysc" -include etc/autopilot_ssdm_op.h -D__DSP48E1__  -o "/home/betegon/vivado/practica1_clase/solution1/.autopilot/db/test.pp.0.c" 
INFO-FLOW: exec /opt/Xilinx/Vivado/2018.2/lnx64/tools/clang/bin/clang -fno-limit-debug-info -gcc-toolchain /opt/Xilinx/Vivado/2018.2/lnx64/tools/gcc -hls -fno-exceptions -D__llvm__ -E practica1_clase/solution1/test/test.c -fno-math-errno -c -emit-llvm -O0 -mllvm -disable-llvm-optzns -std=gnu89 -DAESL_SYN -D__SYNTHESIS__ -D__HLS_SYN__ -I /opt/Xilinx/Vivado/2018.2/common/technology/autopilot -I /opt/Xilinx/Vivado/2018.2/common/technology/autopilot/ap_sysc -include etc/autopilot_ssdm_op.h -D__DSP48E1__ -o /home/betegon/vivado/practica1_clase/solution1/.autopilot/db/test.pp.0.c
Command       clang done; 1.1 sec.
INFO-FLOW: Syntax Checking before pre-processing...
Execute       clang  -fno-limit-debug-info -gcc-toolchain "/opt/Xilinx/Vivado/2018.2/lnx64/tools/gcc" -hls    -fno-math-errno -c -emit-llvm -O0  -mllvm -disable-llvm-optzns -std=gnu89   -DAESL_SYN -D__SYNTHESIS__ -D__HLS_SYN__ -I "/opt/Xilinx/Vivado/2018.2/common/technology/autopilot" -I "/opt/Xilinx/Vivado/2018.2/common/technology/autopilot/ap_sysc" -include etc/autopilot_ssdm_op.h -D__DSP48E1__  "/home/betegon/vivado/practica1_clase/solution1/.autopilot/db/test.pp.0.c"  -o "/home/betegon/vivado/practica1_clase/solution1/.autopilot/db/useless.bc"  
INFO-FLOW: exec /opt/Xilinx/Vivado/2018.2/lnx64/tools/clang/bin/clang -fno-limit-debug-info -gcc-toolchain /opt/Xilinx/Vivado/2018.2/lnx64/tools/gcc -hls -fno-math-errno -c -emit-llvm -O0 -mllvm -disable-llvm-optzns -std=gnu89 -DAESL_SYN -D__SYNTHESIS__ -D__HLS_SYN__ -I /opt/Xilinx/Vivado/2018.2/common/technology/autopilot -I /opt/Xilinx/Vivado/2018.2/common/technology/autopilot/ap_sysc -include etc/autopilot_ssdm_op.h -D__DSP48E1__ /home/betegon/vivado/practica1_clase/solution1/.autopilot/db/test.pp.0.c -o /home/betegon/vivado/practica1_clase/solution1/.autopilot/db/useless.bc
Command       clang done; 1.08 sec.
INFO-FLOW: GCC PP time: 2 seconds per iteration
INFO-FLOW: Setting directive 'PIPELINE' 
INFO-FLOW: Setting directive 'PIPELINE' 
Execute       list_core -type functional_unit 
Execute       tidy_31 xilinx-systemc-detector /home/betegon/vivado/practica1_clase/solution1/.autopilot/db/test.pp.0.c std=gnu89 -directive=/home/betegon/vivado/practica1_clase/solution1/.autopilot/db/.systemc_flag 
INFO-FLOW: exec /opt/Xilinx/Vivado/2018.2/lnx64/tools/clang-3.9-csynth/bin/tidy-3.1 -header-filter=.* --checks=-*,xilinx-systemc-detector -import-directive=/home/betegon/vivado/practica1_clase/solution1/.autopilot/db/.systemc_flag -quiet -fix-errors /home/betegon/vivado/practica1_clase/solution1/.autopilot/db/test.pp.0.c -- -std=gnu89 -fhls -ferror-limit=0
INFO-FLOW: CDT Preprocessing with tidy-3.1...
Execute       tidy_31 xilinx-directive2pragma /home/betegon/vivado/practica1_clase/solution1/.autopilot/db/test.pp.0.c std=gnu89 -directive=/home/betegon/vivado/practica1_clase/solution1/solution1.json 
INFO-FLOW: exec /opt/Xilinx/Vivado/2018.2/lnx64/tools/clang-3.9-csynth/bin/tidy-3.1 -header-filter=.* --checks=-*,xilinx-directive2pragma -import-directive=/home/betegon/vivado/practica1_clase/solution1/solution1.json -quiet -fix-errors /home/betegon/vivado/practica1_clase/solution1/.autopilot/db/test.pp.0.c -- -std=gnu89 -fhls -ferror-limit=0
Execute       get_config_dataflow -strict_mode 
Execute       ap_eval exec -ignorestderr /opt/Xilinx/Vivado/2018.2/lnx64/tools/clang-3.9-csynth/bin/xilinx-dataflow-lawyer -export-fixes=/home/betegon/vivado/practica1_clase/solution1/.autopilot/db/xilinx-dataflow-lawyer.test.pp.0.c.diag.yml /home/betegon/vivado/practica1_clase/solution1/.autopilot/db/test.pp.0.c -- -std=gnu99 -fhls -ferror-limit=0 -fstrict-dataflow > /home/betegon/vivado/practica1_clase/solution1/.autopilot/db/xilinx-dataflow-lawyer.test.pp.0.c.out.log 2> /home/betegon/vivado/practica1_clase/solution1/.autopilot/db/xilinx-dataflow-lawyer.test.pp.0.c.err.log 
Execute       tidy_31 -errorcheck xilinx-constantarray-param,xilinx-resource-pragma-transformer /home/betegon/vivado/practica1_clase/solution1/.autopilot/db/test.pp.0.c std=gnu89 
INFO-FLOW: exec /opt/Xilinx/Vivado/2018.2/lnx64/tools/clang-3.9-csynth/bin/tidy-3.1 -header-filter=.* --checks=-*,xilinx-constantarray-param,xilinx-resource-pragma-transformer -quiet -fix-errors /home/betegon/vivado/practica1_clase/solution1/.autopilot/db/test.pp.0.c -- -std=gnu89 -fhls -ferror-limit=0
INFO-FLOW: exec /opt/Xilinx/Vivado/2018.2/lnx64/tools/clang-3.9-csynth/bin/xilinx-legacy-rewriter /home/betegon/vivado/practica1_clase/solution1/.autopilot/db/test.pp.0.c -- -std=gnu89 -fhls -ferror-limit=0
INFO-FLOW: tidy-3.1 time 0 seconds per iteration
INFO-FLOW: Pragma Handling...
Execute       tidy_31 xilinx-ssdm-intrinsics-arguments /home/betegon/vivado/practica1_clase/solution1/.autopilot/db/test.pragma.1.c std=gnu89 
INFO-FLOW: exec /opt/Xilinx/Vivado/2018.2/lnx64/tools/clang-3.9-csynth/bin/tidy-3.1 -header-filter=.* --checks=-*,xilinx-ssdm-intrinsics-arguments -quiet -fix-errors /home/betegon/vivado/practica1_clase/solution1/.autopilot/db/test.pragma.1.c -- -std=gnu89 -fhls -ferror-limit=0
INFO-FLOW: Source preprocessing
Execute       clang  -fno-limit-debug-info -gcc-toolchain "/opt/Xilinx/Vivado/2018.2/lnx64/tools/gcc" -hls  -fno-exceptions  -D__llvm__  -E "/home/betegon/vivado/practica1_clase/solution1/.autopilot/db/test.pragma.1.c"     -fno-math-errno -c -emit-llvm -O0  -mllvm -disable-llvm-optzns -std=gnu89   -DAESL_SYN -D__SYNTHESIS__ -D__HLS_SYN__ -I "/opt/Xilinx/Vivado/2018.2/common/technology/autopilot" -I "/opt/Xilinx/Vivado/2018.2/common/technology/autopilot/ap_sysc" -include etc/autopilot_ssdm_op.h -D__DSP48E1__  -o "/home/betegon/vivado/practica1_clase/solution1/.autopilot/db/test.pragma.2.c" 
INFO-FLOW: exec /opt/Xilinx/Vivado/2018.2/lnx64/tools/clang/bin/clang -fno-limit-debug-info -gcc-toolchain /opt/Xilinx/Vivado/2018.2/lnx64/tools/gcc -hls -fno-exceptions -D__llvm__ -E /home/betegon/vivado/practica1_clase/solution1/.autopilot/db/test.pragma.1.c -fno-math-errno -c -emit-llvm -O0 -mllvm -disable-llvm-optzns -std=gnu89 -DAESL_SYN -D__SYNTHESIS__ -D__HLS_SYN__ -I /opt/Xilinx/Vivado/2018.2/common/technology/autopilot -I /opt/Xilinx/Vivado/2018.2/common/technology/autopilot/ap_sysc -include etc/autopilot_ssdm_op.h -D__DSP48E1__ -o /home/betegon/vivado/practica1_clase/solution1/.autopilot/db/test.pragma.2.c
Command       clang done; 1.09 sec.
Execute       get_default_platform 
INFO-FLOW: Processing labels
Execute       clang -src /home/betegon/vivado/practica1_clase/solution1/.autopilot/db/test.pragma.2.c  -fno-limit-debug-info -gcc-toolchain /opt/Xilinx/Vivado/2018.2/lnx64/tools/gcc -hls -hls-analyze-label -hls-analyze-pragma -fno-exceptions  -D__llvm__  -w  "/home/betegon/vivado/practica1_clase/solution1/.autopilot/db/test.pragma.2.c"    -fno-math-errno -c -emit-llvm -O0  -mllvm -disable-llvm-optzns -std=gnu89  -DAESL_SYN -D__SYNTHESIS__ -D__HLS_SYN__ -I "/opt/Xilinx/Vivado/2018.2/common/technology/autopilot" -I "/opt/Xilinx/Vivado/2018.2/common/technology/autopilot/ap_sysc" -include etc/autopilot_ssdm_op.h -D__DSP48E1__ -g -o "/home/betegon/vivado/practica1_clase/solution1/.autopilot/db/test.bc" 
INFO-FLOW: exec /opt/Xilinx/Vivado/2018.2/lnx64/tools/clang/bin/clang -fno-limit-debug-info -gcc-toolchain /opt/Xilinx/Vivado/2018.2/lnx64/tools/gcc -hls -hls-analyze-label -hls-analyze-pragma -fno-exceptions -D__llvm__ -w /home/betegon/vivado/practica1_clase/solution1/.autopilot/db/test.pragma.2.c -fno-math-errno -c -emit-llvm -O0 -mllvm -disable-llvm-optzns -std=gnu89 -DAESL_SYN -D__SYNTHESIS__ -D__HLS_SYN__ -I /opt/Xilinx/Vivado/2018.2/common/technology/autopilot -I /opt/Xilinx/Vivado/2018.2/common/technology/autopilot/ap_sysc -include etc/autopilot_ssdm_op.h -D__DSP48E1__ -g -o /home/betegon/vivado/practica1_clase/solution1/.autopilot/db/test.bc
Command       clang done; 1.09 sec.
INFO: [HLS 200-10] Analyzing design file 'practica1_clase/solution1/source/prodMat.c' ... 
INFO-FLOW: Compiling one TU...
Execute       is_m_axi_addr64 
INFO-FLOW: Handling practica1_clase/solution1/source/prodMat.c as C
Execute       get_default_platform 
Execute       is_encrypted practica1_clase/solution1/source/prodMat.c 
INFO-FLOW: Source preprocessing
Execute       clang  -fno-limit-debug-info -gcc-toolchain "/opt/Xilinx/Vivado/2018.2/lnx64/tools/gcc" -hls  -fno-exceptions  -D__llvm__  -E "practica1_clase/solution1/source/prodMat.c"     -fno-math-errno -c -emit-llvm -O0  -mllvm -disable-llvm-optzns -std=gnu89   -DAESL_SYN -D__SYNTHESIS__ -D__HLS_SYN__ -I "/opt/Xilinx/Vivado/2018.2/common/technology/autopilot" -I "/opt/Xilinx/Vivado/2018.2/common/technology/autopilot/ap_sysc" -include etc/autopilot_ssdm_op.h -D__DSP48E1__  -o "/home/betegon/vivado/practica1_clase/solution1/.autopilot/db/prodMat.pp.0.c" 
INFO-FLOW: exec /opt/Xilinx/Vivado/2018.2/lnx64/tools/clang/bin/clang -fno-limit-debug-info -gcc-toolchain /opt/Xilinx/Vivado/2018.2/lnx64/tools/gcc -hls -fno-exceptions -D__llvm__ -E practica1_clase/solution1/source/prodMat.c -fno-math-errno -c -emit-llvm -O0 -mllvm -disable-llvm-optzns -std=gnu89 -DAESL_SYN -D__SYNTHESIS__ -D__HLS_SYN__ -I /opt/Xilinx/Vivado/2018.2/common/technology/autopilot -I /opt/Xilinx/Vivado/2018.2/common/technology/autopilot/ap_sysc -include etc/autopilot_ssdm_op.h -D__DSP48E1__ -o /home/betegon/vivado/practica1_clase/solution1/.autopilot/db/prodMat.pp.0.c
Command       clang done; 1.09 sec.
INFO-FLOW: Syntax Checking before pre-processing...
Execute       clang  -fno-limit-debug-info -gcc-toolchain "/opt/Xilinx/Vivado/2018.2/lnx64/tools/gcc" -hls    -fno-math-errno -c -emit-llvm -O0  -mllvm -disable-llvm-optzns -std=gnu89   -DAESL_SYN -D__SYNTHESIS__ -D__HLS_SYN__ -I "/opt/Xilinx/Vivado/2018.2/common/technology/autopilot" -I "/opt/Xilinx/Vivado/2018.2/common/technology/autopilot/ap_sysc" -include etc/autopilot_ssdm_op.h -D__DSP48E1__  "/home/betegon/vivado/practica1_clase/solution1/.autopilot/db/prodMat.pp.0.c"  -o "/home/betegon/vivado/practica1_clase/solution1/.autopilot/db/useless.bc"  
INFO-FLOW: exec /opt/Xilinx/Vivado/2018.2/lnx64/tools/clang/bin/clang -fno-limit-debug-info -gcc-toolchain /opt/Xilinx/Vivado/2018.2/lnx64/tools/gcc -hls -fno-math-errno -c -emit-llvm -O0 -mllvm -disable-llvm-optzns -std=gnu89 -DAESL_SYN -D__SYNTHESIS__ -D__HLS_SYN__ -I /opt/Xilinx/Vivado/2018.2/common/technology/autopilot -I /opt/Xilinx/Vivado/2018.2/common/technology/autopilot/ap_sysc -include etc/autopilot_ssdm_op.h -D__DSP48E1__ /home/betegon/vivado/practica1_clase/solution1/.autopilot/db/prodMat.pp.0.c -o /home/betegon/vivado/practica1_clase/solution1/.autopilot/db/useless.bc
Command       clang done; 1.09 sec.
INFO-FLOW: GCC PP time: 2 seconds per iteration
INFO-FLOW: Setting directive 'PIPELINE' 
INFO-FLOW: Setting directive 'PIPELINE' 
Execute       list_core -type functional_unit 
Execute       tidy_31 xilinx-systemc-detector /home/betegon/vivado/practica1_clase/solution1/.autopilot/db/prodMat.pp.0.c std=gnu89 -directive=/home/betegon/vivado/practica1_clase/solution1/.autopilot/db/.systemc_flag 
INFO-FLOW: exec /opt/Xilinx/Vivado/2018.2/lnx64/tools/clang-3.9-csynth/bin/tidy-3.1 -header-filter=.* --checks=-*,xilinx-systemc-detector -import-directive=/home/betegon/vivado/practica1_clase/solution1/.autopilot/db/.systemc_flag -quiet -fix-errors /home/betegon/vivado/practica1_clase/solution1/.autopilot/db/prodMat.pp.0.c -- -std=gnu89 -fhls -ferror-limit=0
INFO-FLOW: CDT Preprocessing with tidy-3.1...
Execute       tidy_31 xilinx-directive2pragma /home/betegon/vivado/practica1_clase/solution1/.autopilot/db/prodMat.pp.0.c std=gnu89 -directive=/home/betegon/vivado/practica1_clase/solution1/solution1.json 
INFO-FLOW: exec /opt/Xilinx/Vivado/2018.2/lnx64/tools/clang-3.9-csynth/bin/tidy-3.1 -header-filter=.* --checks=-*,xilinx-directive2pragma -import-directive=/home/betegon/vivado/practica1_clase/solution1/solution1.json -quiet -fix-errors /home/betegon/vivado/practica1_clase/solution1/.autopilot/db/prodMat.pp.0.c -- -std=gnu89 -fhls -ferror-limit=0
Execute       get_config_dataflow -strict_mode 
Execute       ap_eval exec -ignorestderr /opt/Xilinx/Vivado/2018.2/lnx64/tools/clang-3.9-csynth/bin/xilinx-dataflow-lawyer -export-fixes=/home/betegon/vivado/practica1_clase/solution1/.autopilot/db/xilinx-dataflow-lawyer.prodMat.pp.0.c.diag.yml /home/betegon/vivado/practica1_clase/solution1/.autopilot/db/prodMat.pp.0.c -- -std=gnu99 -fhls -ferror-limit=0 -fstrict-dataflow > /home/betegon/vivado/practica1_clase/solution1/.autopilot/db/xilinx-dataflow-lawyer.prodMat.pp.0.c.out.log 2> /home/betegon/vivado/practica1_clase/solution1/.autopilot/db/xilinx-dataflow-lawyer.prodMat.pp.0.c.err.log 
Execute       tidy_31 -errorcheck xilinx-constantarray-param,xilinx-resource-pragma-transformer /home/betegon/vivado/practica1_clase/solution1/.autopilot/db/prodMat.pp.0.c std=gnu89 
INFO-FLOW: exec /opt/Xilinx/Vivado/2018.2/lnx64/tools/clang-3.9-csynth/bin/tidy-3.1 -header-filter=.* --checks=-*,xilinx-constantarray-param,xilinx-resource-pragma-transformer -quiet -fix-errors /home/betegon/vivado/practica1_clase/solution1/.autopilot/db/prodMat.pp.0.c -- -std=gnu89 -fhls -ferror-limit=0
INFO-FLOW: exec /opt/Xilinx/Vivado/2018.2/lnx64/tools/clang-3.9-csynth/bin/xilinx-legacy-rewriter /home/betegon/vivado/practica1_clase/solution1/.autopilot/db/prodMat.pp.0.c -- -std=gnu89 -fhls -ferror-limit=0
INFO-FLOW: tidy-3.1 time 0 seconds per iteration
INFO-FLOW: Pragma Handling...
Execute       tidy_31 xilinx-ssdm-intrinsics-arguments /home/betegon/vivado/practica1_clase/solution1/.autopilot/db/prodMat.pragma.1.c std=gnu89 
INFO-FLOW: exec /opt/Xilinx/Vivado/2018.2/lnx64/tools/clang-3.9-csynth/bin/tidy-3.1 -header-filter=.* --checks=-*,xilinx-ssdm-intrinsics-arguments -quiet -fix-errors /home/betegon/vivado/practica1_clase/solution1/.autopilot/db/prodMat.pragma.1.c -- -std=gnu89 -fhls -ferror-limit=0
INFO-FLOW: Source preprocessing
Execute       clang  -fno-limit-debug-info -gcc-toolchain "/opt/Xilinx/Vivado/2018.2/lnx64/tools/gcc" -hls  -fno-exceptions  -D__llvm__  -E "/home/betegon/vivado/practica1_clase/solution1/.autopilot/db/prodMat.pragma.1.c"     -fno-math-errno -c -emit-llvm -O0  -mllvm -disable-llvm-optzns -std=gnu89   -DAESL_SYN -D__SYNTHESIS__ -D__HLS_SYN__ -I "/opt/Xilinx/Vivado/2018.2/common/technology/autopilot" -I "/opt/Xilinx/Vivado/2018.2/common/technology/autopilot/ap_sysc" -include etc/autopilot_ssdm_op.h -D__DSP48E1__  -o "/home/betegon/vivado/practica1_clase/solution1/.autopilot/db/prodMat.pragma.2.c" 
INFO-FLOW: exec /opt/Xilinx/Vivado/2018.2/lnx64/tools/clang/bin/clang -fno-limit-debug-info -gcc-toolchain /opt/Xilinx/Vivado/2018.2/lnx64/tools/gcc -hls -fno-exceptions -D__llvm__ -E /home/betegon/vivado/practica1_clase/solution1/.autopilot/db/prodMat.pragma.1.c -fno-math-errno -c -emit-llvm -O0 -mllvm -disable-llvm-optzns -std=gnu89 -DAESL_SYN -D__SYNTHESIS__ -D__HLS_SYN__ -I /opt/Xilinx/Vivado/2018.2/common/technology/autopilot -I /opt/Xilinx/Vivado/2018.2/common/technology/autopilot/ap_sysc -include etc/autopilot_ssdm_op.h -D__DSP48E1__ -o /home/betegon/vivado/practica1_clase/solution1/.autopilot/db/prodMat.pragma.2.c
Command       clang done; 1.1 sec.
Execute       get_default_platform 
INFO-FLOW: Processing labels
Execute       clang -src /home/betegon/vivado/practica1_clase/solution1/.autopilot/db/prodMat.pragma.2.c  -fno-limit-debug-info -gcc-toolchain /opt/Xilinx/Vivado/2018.2/lnx64/tools/gcc -hls -hls-analyze-label -hls-analyze-pragma -fno-exceptions  -D__llvm__  -w  "/home/betegon/vivado/practica1_clase/solution1/.autopilot/db/prodMat.pragma.2.c"    -fno-math-errno -c -emit-llvm -O0  -mllvm -disable-llvm-optzns -std=gnu89  -DAESL_SYN -D__SYNTHESIS__ -D__HLS_SYN__ -I "/opt/Xilinx/Vivado/2018.2/common/technology/autopilot" -I "/opt/Xilinx/Vivado/2018.2/common/technology/autopilot/ap_sysc" -include etc/autopilot_ssdm_op.h -D__DSP48E1__ -g -o "/home/betegon/vivado/practica1_clase/solution1/.autopilot/db/prodMat.bc" 
INFO-FLOW: exec /opt/Xilinx/Vivado/2018.2/lnx64/tools/clang/bin/clang -fno-limit-debug-info -gcc-toolchain /opt/Xilinx/Vivado/2018.2/lnx64/tools/gcc -hls -hls-analyze-label -hls-analyze-pragma -fno-exceptions -D__llvm__ -w /home/betegon/vivado/practica1_clase/solution1/.autopilot/db/prodMat.pragma.2.c -fno-math-errno -c -emit-llvm -O0 -mllvm -disable-llvm-optzns -std=gnu89 -DAESL_SYN -D__SYNTHESIS__ -D__HLS_SYN__ -I /opt/Xilinx/Vivado/2018.2/common/technology/autopilot -I /opt/Xilinx/Vivado/2018.2/common/technology/autopilot/ap_sysc -include etc/autopilot_ssdm_op.h -D__DSP48E1__ -g -o /home/betegon/vivado/practica1_clase/solution1/.autopilot/db/prodMat.bc
Command       clang done; 1.09 sec.
INFO-FLOW: Linking Debug ...
Execute       llvm-ld /home/betegon/vivado/practica1_clase/solution1/.autopilot/db/test.g.bc /home/betegon/vivado/practica1_clase/solution1/.autopilot/db/prodMat.g.bc -hls-opt -except-internalize prodMat -L/opt/Xilinx/Vivado/2018.2/lnx64/lib -lhlsm -lhlsmc++ -o /home/betegon/vivado/practica1_clase/solution1/.autopilot/db/a.g 
Command       llvm-ld done; 0.55 sec.
INFO: [HLS 200-111] Finished Linking Time (s): cpu = 00:00:10 ; elapsed = 00:00:10 . Memory (MB): peak = 370.000 ; gain = 0.199 ; free physical = 154 ; free virtual = 10811
INFO: [HLS 200-111] Finished Checking Pragmas Time (s): cpu = 00:00:10 ; elapsed = 00:00:10 . Memory (MB): peak = 370.000 ; gain = 0.199 ; free physical = 154 ; free virtual = 10811
Execute       ::config_rtl 
Execute       opt_and_import_c a -opt_level=2 -skip_syncheck=0 -ng=0 -keep_printf=0 
Execute         cleanup_all_models 
INFO: [HLS 200-10] Starting code transformations ...
Execute         transform -promote-dbg-pointer /home/betegon/vivado/practica1_clase/solution1/.autopilot/db/a.pp.bc -o /home/betegon/vivado/practica1_clase/solution1/.autopilot/db/a.pp.0.bc -f 
Execute         llvm-ld /home/betegon/vivado/practica1_clase/solution1/.autopilot/db/a.pp.0.bc -disable-opt -L/opt/Xilinx/Vivado/2018.2/lnx64/lib -lfloatconversion -o /home/betegon/vivado/practica1_clase/solution1/.autopilot/db/a.g.0 
Command         llvm-ld done; 0.55 sec.
INFO-FLOW: Running Standard Transforms...
Execute         transform -hls -share-std-xform -demangle-name -inline-byval-memcpy -always-inline -promote-dbg-pointer -interface-preproc -scalarrepl -mem2reg -keep-read-access -instcombine -dce -promote-dbg-pointer -bitop-raise -loop-simplify -indvarspre -indvars -loop-simplify -xunroll -constprop -instcombine -simplifycfg -indvars -simplifycfg -dce -globaldce -basicaa -simplifycfg -mem2reg -globalopt -global-constprop -deadargelim -instcombine -simplifycfg -prune-eh -simplifycfg -scalarrepl -instcombine -reassociate -licm -simplifycfg -loop-simplify -indvars -instcombine -simplifycfg -mem2reg -loop-simplify -indvars -instcombine -gvn -gvn -instcombine -adce -break-crit-edges -simplifycfg -loop-delete -global-array-opt -dce -dse -adce -find-syn-modules -top prodMat -deadargelim -mem2reg -instcombine -dce -presyn-prepare -auto-rom-infer -interface-preproc -syn-check -check-rec-only -find-region -simplifycfg -func-extr -function-inline -globaldce -mem2reg -instcombine -dce -gvn -globaldce -adce -adse -constprop -instcombine -bit-constprop -instcombine -dce -simplifycfg -bitop-raise -simplifycfg -dce -loop-delete -reassociate -globalopt -global-privatize -mem2reg -dce -global-constprop -pointer-simplify -constprop -dce -func-inst -deadargelim -auto-shift-reg-idiom -promote-dbg-pointer -norm-name /home/betegon/vivado/practica1_clase/solution1/.autopilot/db/a.g.0.bc -o /home/betegon/vivado/practica1_clase/solution1/.autopilot/db/a.g.1.bc -f -phase std-opt 
INFO: [HLS 200-111] Finished Standard Transforms Time (s): cpu = 00:00:10 ; elapsed = 00:00:11 . Memory (MB): peak = 370.000 ; gain = 0.199 ; free physical = 154 ; free virtual = 10810
INFO: [HLS 200-10] Checking synthesizability ...
INFO-FLOW: Checking Synthesizability 1/2..
Execute         transform -hls -syn-check -check-rec-only -disaggr -scalarrepl -norm-name -dce -mem2reg -instcombine -function-uniquify -directive-preproc -mem2reg -dse -dce -auto-rom-infer -dce -array-normalize -instcombine -dce -warn-fifo-pointer -array-seg-normalize -instcombine -dce -array-flatten -instcombine -dce -array-burst -dce -deadargelim -promote-global-argument -simplifycfg -mem2reg -globaldce -resolve-double-ptr -dce -deadargelim -dce -instcombine -function-inline -globaldce -dce -doublePtrSimplify -doublePtrElim -dce -doublePtrSimplify -promote-dbg-pointer -dce -scalarrepl -dse -adse -instcombine -ptrLegalization -simplifycfg -dce -instcombine -pointer-simplify -ptrArgReplace -dce -instcombine -disaggr -scalarrepl -norm-name -dce -mem2reg -instcombine -ptrLegalization -simplifycfg -deadargelim -instcombine -dce -inst-simplify -function-uniquify -directive-preproc -mem2reg -dse -dce -globaldce /home/betegon/vivado/practica1_clase/solution1/.autopilot/db/a.g.1.bc -o /home/betegon/vivado/practica1_clase/solution1/.autopilot/db/a.g.2.prechk.bc -f 
INFO-FLOW: Checking Synthesizability 2/2..
Execute         transform -syn-check /home/betegon/vivado/practica1_clase/solution1/.autopilot/db/a.g.2.prechk.bc -o /home/betegon/vivado/practica1_clase/solution1/.autopilot/db/a.g.2.bc -f -phase syn-check 
INFO: [HLS 200-111] Finished Checking Synthesizability Time (s): cpu = 00:00:10 ; elapsed = 00:00:11 . Memory (MB): peak = 370.000 ; gain = 0.199 ; free physical = 153 ; free virtual = 10810
INFO-FLOW: Compiler optimizing ...
INFO-FLOW: Share syncheck's 1.bc for syn flow: copy /home/betegon/vivado/practica1_clase/solution1/.autopilot/db/a.g.1.bc to /home/betegon/vivado/practica1_clase/solution1/.autopilot/db/a.o.1.bc
INFO-FLOW: Presyn 1...
Execute         transform -hls -tmp /home/betegon/vivado/practica1_clase/solution1/.autopilot/db -interface-port-rename -type-info -function-uniquify -directive-preproc -mem2reg -dse -dce -disaggr -scalarrepl -norm-name -deadargelim -mem2reg -instcombine -dce -simplifycfg -auto-rom-infer -dce -function-uniquify -resource-proc -simplifycfg -mem2reg -globaldce -resolve-double-ptr -dce -deadargelim -dce -instcombine -clib-intrinsic-prepare -dce -func-buffer -dce -array-normalize -func-legal -instcombine -gvn -constprop -dce -ptrArgReplace -mem2reg -instcombine -dce -array-seg-normalize -deadargelim -instcombine -dce -pointer-simplify -dce -port-alignment -dce -interface-preproc -data-pack -instcombine -dce -basicaa -aggr-aa -aggrmodref-aa -aggr-aa -gvn -gvn -basicaa -aggr-aa -aggrmodref-aa -aggr-aa -dse -adse -adce -loop-simplify -indvars -instcombine -gvn -loop-simplify -mem2reg -dce -find-region -instcombine -auto-loop-pipeline -inst-simplify -interface-preproc -cfgopt -instcombine -indvars -auto-loop-unroll -loop-simplify -loop-bound -xunroll -constprop -instcombine -simplifycfg -indvars -simplifycfg -dce -globaldce -clean-region -attach-range -gvn -inst-simplify -constprop -simplifycfg -dce -pointer-simplify -dce -globalopt -constprop -dce -array-promote -constprop -instcombine -dce -ptrArgReplace -mem2reg -instcombine -simplifycfg -dce -auto-par -instcombine -dce -array-transform-check -array-reshape -instcombine -simplifycfg -dce -ptrArgReplace -deadargelim -mem2reg -instcombine -simplifycfg -dce -indvars -loop-simplify -loop-bound -xunroll -constprop -instcombine -simplifycfg -indvars -simplifycfg -dce -globaldce -duplicate-dataflow-processes -globaldce -instcombine -array-partition -instcombine -simplifycfg -dce -ptrArgReplace -global-constprop -deadargelim -mem2reg -func-legal -instcombine -dce -global-constprop -deadargelim -mem2reg -instcombine -simplifycfg -dce -merge-param -deadargelim -globalopt -constprop -dce -array-promote -constprop -instcombine -dce -ptrArgReplace -mem2reg -instcombine -simplifycfg -dce -mem-intrinsic-preproc -dce -global-internalize -global-privatize -mem2reg -globaldce -promote-global-argument -ptrArgReplace -mem2reg -instcombine -dce -globalopt -mergereturn -simplify-global-access -mem2reg -dce -pointer-simplify -dce -functionattrs -basicaa -aggr-aa -aggrmodref-aa -aggr-aa -gvn -gvn -basicaa -aggr-aa -aggrmodref-aa -aggr-aa -dse -adse -adce -inst-simplify -dce -norm-name -function-inline -globaldce -func-inst -constprop -instcombine -simplifycfg -dce -func-legal -dce -loop-bound -arraycheck -bitwidthmin -on-by-dataflow -loop-delete -instcombine -simplifycfg -globaldce -dce -gvn -deadargelim -dce -loop-simplify -clean-region -simplifycfg -propagate-stable-arguments -loop-stream -instcombine -simplifycfg -dce -globaldce -duplicate-dataflow-processes -stream-intrinsic-preproc -dce -check-ap-stream -loop-simplify -eliminate-keepreads -extract-dataflow-in-loop -loop-simplify -dce -gvn -deadargelim -dse -check-dataflow-syntax -legalize-stream-variable -legalize-global -extract-subproc -dce -dead-channel-elimination -canonicalize-gep -globaldce -dce -gvn -deadargelim -annotate-dataflow-channels -scalar-propagation -deadargelim -globaldce -mem2reg -check-dataflow-channels -function-stream -dce -globaldce -prop-fifo-spec -internal-stream-gen -canonicalize-gep -globaldce -dce -gvn -deadargelim -mergereturn -indvars -loop-simplify -instcombine -array-stream -array-seg-normalize -array-partition -func-legal -instcombine -simplifycfg -dce -bundle-memfifo-ops -deadargelim -function-uniquify -directive-preproc -mem2reg -dse -dce -group-axi-access -licm -simplifycfg -dce -loop-delete -norm-name /home/betegon/vivado/practica1_clase/solution1/.autopilot/db/a.o.1.bc -o /home/betegon/vivado/practica1_clase/solution1/.autopilot/db/a.o.1.tmp.bc -f 
INFO: [XFORM 203-502] Unrolling all sub-loops inside loop 'lazoFilas' (practica1_clase/solution1/source/prodMat.c:19) in function 'prodMat' for pipelining.
INFO: [XFORM 203-501] Unrolling loop 'LazoColumnas' (practica1_clase/solution1/source/prodMat.c:20) in function 'prodMat' completely.
INFO: [XFORM 203-501] Unrolling loop 'lazo' (practica1_clase/solution1/source/prodMat.c:22) in function 'prodMat' completely.
INFO-FLOW: Presyn 2...
Execute         transform -hls -keep-callgraph -scalarrepl -mem2reg -port-alignment -attach-range -dce -pipe-mux-gen -indvars -loop-bound -inst-simplify -instcombine -dce -merge-array-access -mem2reg -dce -clean-region -mergereturn -if-conv -instcombine -dce -constprop -basicaa -aggr-aa -aggrmodref-aa -aggr-aa -gvn -gvn -basicaa -aggr-aa -aggrmodref-aa -aggr-aa -dse -adse -adce -scalarrepl -mem2reg -global-constprop -deadargelim -deadargelim -instcombine -dce -simplifycfg -ptrArgReplace -mem2reg -function-inline -globaldce -mem2reg -instcombine -dce -expr-balance -instcombine -dce -bitwidthmin -interface-preproc -directive-preproc -inst-rectify -instcombine -dce -functionattrs -constprop -instcombine -bit-constprop -simplify-global-access -globalopt -globaldce -inst-simplify -instcombine -elimdeaddata -dce -loop-delete -simplifycfg -loop-simplify -auto-burst -norm-name /home/betegon/vivado/practica1_clase/solution1/.autopilot/db/a.o.1.tmp.bc -o /home/betegon/vivado/practica1_clase/solution1/.autopilot/db/a.o.2.bc -f -phase presyn 
INFO: [XFORM 203-11] Balancing expressions in function 'prodMat' (practica1_clase/solution1/source/prodMat.c:14)...25 expression(s) balanced.
INFO: [HLS 200-111] Finished Pre-synthesis Time (s): cpu = 00:00:10 ; elapsed = 00:00:11 . Memory (MB): peak = 497.801 ; gain = 128.000 ; free physical = 133 ; free virtual = 10790
INFO-FLOW: Building ssdm...
Execute         transform -hls -function-uniquify -auto-function-inline -globaldce -ptrArgReplace -mem2reg -instcombine -dce -reset-lda -loop-simplify -indvars -licm -loop-dep -loop-bound -licm -loop-simplify -flattenloopnest -array-flatten -gvn -instcombine -dce -array-map -dce -func-legal -gvn -adce -instcombine -cfgopt -simplifycfg -loop-simplify -array-burst -promote-global-argument -dce -axi4-lower -array-seg-normalize -basicaa -aggrmodref-aa -globalsmodref-aa -aggr-aa -gvn -gvn -basicaa -aggrmodref-aa -globalsmodref-aa -aggr-aa -dse -adse -adce -licm -inst-simplify -dce -globaldce -instcombine -array-stream -eliminate-keepreads -instcombine -dce -deadargelim -doublePtrSimplify -doublePtrElim -dce -doublePtrSimplify -promote-dbg-pointer -dce -scalarrepl -mem2reg -disaggr -norm-name -mem2reg -instcombine -dse -adse -adce -ptrLegalization -dce -auto-rom-infer -array-flatten -dce -instcombine -check-doubleptr -loop-rot -constprop -cfgopt -simplifycfg -loop-simplify -indvars -pointer-simplify -dce -loop-bound -loop-simplify -loop-preproc -constprop -global-constprop -gvn -mem2reg -instcombine -dce -loop-bound -loop-merge -dce -bitwidthmin -deadargelim -dce -canonicalize-dataflow -dce -scalar-propagation -deadargelim -globaldce -mem2reg -read-loop-dep -interface-preproc -directive-preproc -interface-gen -bram-byte-enable -deadargelim -inst-simplify -dce -gvn -mem2reg -instcombine -dce -adse -loop-bound -instcombine -cfgopt -simplifycfg -loop-simplify -clean-region -io-protocol -find-region -mem2reg -bitop-raise -inst-simplify -inst-rectify -instcombine -adce -deadargelim -loop-simplify -phi-opt -bitop-raise -cfgopt -simplifycfg -strip-dead-prototypes -interface-lower -bitop-lower -intrinsic-lower -auto-function-inline -basicaa -aggrmodref-aa -globalsmodref-aa -aggr-aa -inst-simplify -simplifycfg -loop-simplify -mergereturn -inst-simplify -inst-rectify -dce -load-elim -bitop-lower -loop-rewind -pointer-simplify -dce -cfgopt -dce -bitwidth -loop-dep -read-loop-dep -dce -check-stream -norm-name -legalize -validate-dataflow -dead-allocation-elimination -cdfg-build /home/betegon/vivado/practica1_clase/solution1/.autopilot/db/a.o.2.bc -o /home/betegon/vivado/practica1_clase/solution1/.autopilot/db/a.o.3.bc -f -phase build-ssdm 
INFO: [HLS 200-111] Finished Architecture Synthesis Time (s): cpu = 00:00:10 ; elapsed = 00:00:11 . Memory (MB): peak = 497.801 ; gain = 128.000 ; free physical = 141 ; free virtual = 10798
INFO-FLOW: Finish building internal data model.
Command       opt_and_import_c done; 0.71 sec.
Command     elaborate done; 10.2 sec.
Execute     autosyn -from_csynth_design=1 
INFO: [HLS 200-10] Starting hardware synthesis ...
INFO-FLOW: Synthesizing C/C++ design ...
INFO: [HLS 200-10] Synthesizing 'prodMat' ...
Execute       ap_set_top_model prodMat 
Execute       get_model_list prodMat -filter all-wo-channel -topdown 
Execute       preproc_iomode -model prodMat 
Execute       get_model_list prodMat -filter all-wo-channel 
INFO-FLOW: Model list for configure: prodMat
INFO-FLOW: Configuring Module : prodMat ...
Execute       set_default_model prodMat 
Execute       apply_spec_resource_limit prodMat 
INFO-FLOW: Model list for preprocess: prodMat
INFO-FLOW: Preprocessing Module: prodMat ...
Execute       set_default_model prodMat 
Execute       cdfg_preprocess -model prodMat 
Execute       rtl_gen_preprocess prodMat 
INFO-FLOW: Model list for synthesis: prodMat
INFO: [HLS 200-10] ----------------------------------------------------------------
INFO: [HLS 200-42] -- Implementing module 'prodMat' 
INFO: [HLS 200-10] ----------------------------------------------------------------
Execute       set_default_model prodMat 
Execute       schedule -model prodMat 
INFO: [SCHED 204-11] Starting scheduling ...
INFO: [SCHED 204-61] Pipelining loop 'lazoFilas'.
WARNING: [SCHED 204-69] Unable to schedule 'load' operation ('A_load_2', practica1_clase/solution1/source/prodMat.c:23) on array 'A' due to limited memory ports. Please consider using a memory core with more ports or partitioning the array 'A'.
WARNING: [SCHED 204-69] Unable to schedule 'load' operation ('B_load_7', practica1_clase/solution1/source/prodMat.c:23) on array 'B' due to limited memory ports. Please consider using a memory core with more ports or partitioning the array 'B'.
INFO: [SCHED 204-61] Pipelining result : Target II = 1, Final II = 15, Depth = 19.
INFO: [SCHED 204-11] Finished scheduling.
Command       schedule done; 0.7 sec.
INFO: [HLS 200-111]  Elapsed time: 11.51 seconds; current allocated memory: 64.554 MB.
Execute       report -o /home/betegon/vivado/practica1_clase/solution1/.autopilot/db/prodMat.verbose.sched.rpt -verbose -f 
Execute       db_write -o /home/betegon/vivado/practica1_clase/solution1/.autopilot/db/prodMat.sched.adb -f 
INFO-FLOW: Finish scheduling prodMat.
Execute       set_default_model prodMat 
Execute       bind -model prodMat 
BIND OPTION: fu_weight=[ 0.0 -- 1.0 ]
BIND OPTION: model=prodMat
BIND OPTION: reg_weight=[ 0.0 -- 1.0 ]
INFO: [BIND 205-100] Starting micro-architecture generation ...
INFO: [BIND 205-101] Performing variable lifetime analysis.
INFO: [BIND 205-101] Exploring resource sharing.
INFO: [BIND 205-101] Binding ...
INFO: [BIND 205-100] Finished micro-architecture generation.
INFO: [HLS 200-111]  Elapsed time: 0.15 seconds; current allocated memory: 65.369 MB.
Execute       report -o /home/betegon/vivado/practica1_clase/solution1/.autopilot/db/prodMat.verbose.bind.rpt -verbose -f 
Command       report done; 0.16 sec.
Execute       db_write -o /home/betegon/vivado/practica1_clase/solution1/.autopilot/db/prodMat.bind.adb -f 
INFO-FLOW: Finish binding prodMat.
Execute       get_model_list prodMat -filter all-wo-channel 
INFO-FLOW: Preprocessing for RTLGen ...
Execute       rtl_gen_preprocess prodMat 
INFO-FLOW: Model list for RTL generation: prodMat
INFO: [HLS 200-10] ----------------------------------------------------------------
INFO: [HLS 200-10] -- Generating RTL for module 'prodMat' 
INFO: [HLS 200-10] ----------------------------------------------------------------
Execute       get_config_rtl -prefix 
Execute       get_config_rtl -auto_prefix 
Execute       create_rtl_model prodMat -vendor xilinx -mg_file /home/betegon/vivado/practica1_clase/solution1/.autopilot/db/prodMat.compgen.tcl 
INFO: [RTGEN 206-500] Setting interface mode on port 'prodMat/R' to 'ap_memory'.
INFO: [RTGEN 206-500] Setting interface mode on port 'prodMat/A' to 'ap_memory'.
INFO: [RTGEN 206-500] Setting interface mode on port 'prodMat/B' to 'ap_memory'.
INFO: [RTGEN 206-500] Setting interface mode on function 'prodMat' to 'ap_ctrl_hs'.
INFO: [SYN 201-210] Renamed object name 'prodMat_mul_32s_32s_32_2_1' to 'prodMat_mul_32s_3bkb' due to the length limit 20
INFO: [RTGEN 206-100] Generating core module 'prodMat_mul_32s_3bkb': 25 instance(s).
INFO: [RTGEN 206-100] Finished creating RTL model for 'prodMat'.
INFO: [HLS 200-111]  Elapsed time: 0.22 seconds; current allocated memory: 67.098 MB.
Execute       source /home/betegon/vivado/practica1_clase/solution1/.autopilot/db/prodMat.rtl_wrap.cfg.tcl 
Execute       gen_rtl prodMat -istop -style xilinx -tracefl mytrace -tracefmt vcd -traceopt all -f -lang sc -o /home/betegon/vivado/practica1_clase/solution1/syn/systemc/prodMat -synmodules prodMat 
Execute       gen_rtl prodMat -istop -style xilinx -f -lang vhdl -o /home/betegon/vivado/practica1_clase/solution1/syn/vhdl/prodMat 
Execute       gen_rtl prodMat -istop -style xilinx -f -lang vlog -o /home/betegon/vivado/practica1_clase/solution1/syn/verilog/prodMat 
Execute       export_constraint_db -o /home/betegon/vivado/practica1_clase/solution1/.autopilot/db/prodMat.constraint.tcl -f -tool general 
Execute       report -model prodMat -o /home/betegon/vivado/practica1_clase/solution1/.autopilot/db/prodMat.design.xml -verbose -f -dv 
Execute       report -model prodMat -o /home/betegon/vivado/practica1_clase/solution1/.autopilot/db/prodMat.sdaccel.xml -verbose -f -sdaccel 
Execute       gen_tb_info prodMat -o /home/betegon/vivado/practica1_clase/solution1/.autopilot/db/prodMat -p /home/betegon/vivado/practica1_clase/solution1/.autopilot/db 
Execute       report -model prodMat -o /home/betegon/vivado/practica1_clase/solution1/syn/report/prodMat_csynth.rpt -f 
Execute       report -model prodMat -o /home/betegon/vivado/practica1_clase/solution1/syn/report/prodMat_csynth.xml -f -x 
Execute       report -model prodMat -o /home/betegon/vivado/practica1_clase/solution1/.autopilot/db/prodMat.verbose.rpt -verbose -f 
Command       report done; 0.17 sec.
Execute       db_write -model prodMat -o /home/betegon/vivado/practica1_clase/solution1/.autopilot/db/prodMat.adb -f 
Execute       sc_get_clocks prodMat 
Execute       sc_get_portdomain prodMat 
INFO-FLOW: Model list for RTL component generation: prodMat
INFO-FLOW: Handling components in module [prodMat] ... 
Execute       source /home/betegon/vivado/practica1_clase/solution1/.autopilot/db/prodMat.compgen.tcl 
INFO-FLOW: Found component prodMat_mul_32s_3bkb.
INFO-FLOW: Append model prodMat_mul_32s_3bkb
INFO-FLOW: Append model prodMat
INFO-FLOW: Generating RTL model list ...
INFO-FLOW: All models in this session: prodMat_mul_32s_3bkb prodMat
INFO-FLOW: To file: write model prodMat_mul_32s_3bkb
INFO-FLOW: To file: write model prodMat
INFO-FLOW: Finished generating RTL model list.


INFO-FLOW: RTL Generation done.
INFO-FLOW: CAS Generation done.
INFO-FLOW: CBC Generation done.
Execute       get_config_sdx -target 
Execute       source /home/betegon/vivado/practica1_clase/solution1/.autopilot/db/global.setting.tcl 
Execute       source /opt/Xilinx/Vivado/2018.2/common/technology/generic/autopilot/common.gen 
Execute         source /opt/Xilinx/Vivado/2018.2/common/technology/generic/autopilot/APCoreGen.gen 
Execute       source /opt/Xilinx/Vivado/2018.2/common/technology/generic/autopilot/op.gen 
Execute       source /opt/Xilinx/Vivado/2018.2/common/technology/generic/autopilot/op_simcore.gen 
Execute       source /opt/Xilinx/Vivado/2018.2/common/technology/generic/autopilot/interface.gen 
Execute       source /home/betegon/vivado/practica1_clase/solution1/.autopilot/db/global.setting.tcl 
Execute       source /opt/Xilinx/Vivado/2018.2/common/technology/xilinx/zynq/zynq.gen 
Execute         source /opt/Xilinx/Vivado/2018.2/common/technology/xilinx/common/virtex.gen 
Execute           source /opt/Xilinx/Vivado/2018.2/common/technology/xilinx/common/xilinx.gen 
Execute             source /opt/Xilinx/Vivado/2018.2/common/technology/xilinx/interface/plb46.gen 
Execute             source /opt/Xilinx/Vivado/2018.2/common/technology/xilinx/interface/fsl.gen 
Execute             source /opt/Xilinx/Vivado/2018.2/common/technology/xilinx/interface/axi4.gen 
Execute             source /opt/Xilinx/Vivado/2018.2/common/technology/xilinx/interface/nativeAXI4.gen 
Execute               source /opt/Xilinx/Vivado/2018.2/common/technology/xilinx/interface/saxilite.gen 
Execute               source /opt/Xilinx/Vivado/2018.2/common/technology/xilinx/interface/maxi.gen 
Execute             source /opt/Xilinx/Vivado/2018.2/common/technology/xilinx/scripts/xilinxcoregen.gen 
Execute             source /opt/Xilinx/Vivado/2018.2/common/technology/xilinx/interface/XilEDKCoreGen.gen 
Execute             source /opt/Xilinx/Vivado/2018.2/common/technology/xilinx/ip/dds_compiler.gen 
Execute             source /opt/Xilinx/Vivado/2018.2/common/technology/xilinx/ip/util.gen 
Execute             source /opt/Xilinx/Vivado/2018.2/common/technology/xilinx/ip/xfft.gen 
Execute             source /opt/Xilinx/Vivado/2018.2/common/technology/xilinx/ip/xfir.gen 
Execute           source /opt/Xilinx/Vivado/2018.2/common/technology/xilinx/common/dsp48.gen 
Execute       source /opt/Xilinx/Vivado/2018.2/common/technology/xilinx/zynq/zynq_fpv6.gen 
Execute         source /opt/Xilinx/Vivado/2018.2/common/technology/xilinx/common/xilinx_fpv6.gen 
Execute       source /home/betegon/vivado/practica1_clase/solution1/.autopilot/db/global.setting.tcl 
Execute       source /home/betegon/vivado/practica1_clase/solution1/.autopilot/db/global.setting.tcl 
Execute       source /home/betegon/vivado/practica1_clase/solution1/.autopilot/db/global.setting.tcl 
Execute       source /home/betegon/vivado/practica1_clase/solution1/.autopilot/db/prodMat.compgen.tcl 
INFO: [RTMG 210-282] Generating pipelined core: 'prodMat_mul_32s_3bkb_MulnS_0'
Execute       get_config_sdx -target 
Execute       source /home/betegon/vivado/practica1_clase/solution1/.autopilot/db/global.setting.tcl 
Execute       source /opt/Xilinx/Vivado/2018.2/common/technology/generic/autopilot/common.gen 
Execute         source /opt/Xilinx/Vivado/2018.2/common/technology/generic/autopilot/APCoreGen.gen 
Execute       source /opt/Xilinx/Vivado/2018.2/common/technology/generic/autopilot/op.gen 
Execute       source /opt/Xilinx/Vivado/2018.2/common/technology/generic/autopilot/op_simcore.gen 
Execute       source /opt/Xilinx/Vivado/2018.2/common/technology/generic/autopilot/interface.gen 
Execute       source /home/betegon/vivado/practica1_clase/solution1/.autopilot/db/global.setting.tcl 
Execute       source /opt/Xilinx/Vivado/2018.2/common/technology/xilinx/zynq/zynq.gen 
Execute         source /opt/Xilinx/Vivado/2018.2/common/technology/xilinx/common/virtex.gen 
Execute           source /opt/Xilinx/Vivado/2018.2/common/technology/xilinx/common/xilinx.gen 
Execute             source /opt/Xilinx/Vivado/2018.2/common/technology/xilinx/interface/plb46.gen 
Execute             source /opt/Xilinx/Vivado/2018.2/common/technology/xilinx/interface/fsl.gen 
Execute             source /opt/Xilinx/Vivado/2018.2/common/technology/xilinx/interface/axi4.gen 
Execute             source /opt/Xilinx/Vivado/2018.2/common/technology/xilinx/interface/nativeAXI4.gen 
Execute               source /opt/Xilinx/Vivado/2018.2/common/technology/xilinx/interface/saxilite.gen 
Execute               source /opt/Xilinx/Vivado/2018.2/common/technology/xilinx/interface/maxi.gen 
Execute             source /opt/Xilinx/Vivado/2018.2/common/technology/xilinx/scripts/xilinxcoregen.gen 
Execute             source /opt/Xilinx/Vivado/2018.2/common/technology/xilinx/interface/XilEDKCoreGen.gen 
Execute             source /opt/Xilinx/Vivado/2018.2/common/technology/xilinx/ip/dds_compiler.gen 
Execute             source /opt/Xilinx/Vivado/2018.2/common/technology/xilinx/ip/util.gen 
Execute             source /opt/Xilinx/Vivado/2018.2/common/technology/xilinx/ip/xfft.gen 
Execute             source /opt/Xilinx/Vivado/2018.2/common/technology/xilinx/ip/xfir.gen 
Execute           source /opt/Xilinx/Vivado/2018.2/common/technology/xilinx/common/dsp48.gen 
Execute       source /opt/Xilinx/Vivado/2018.2/common/technology/xilinx/zynq/zynq_fpv6.gen 
Execute         source /opt/Xilinx/Vivado/2018.2/common/technology/xilinx/common/xilinx_fpv6.gen 
Execute       source /home/betegon/vivado/practica1_clase/solution1/.autopilot/db/prodMat.rtl_wrap.cfg.tcl 
Execute       source /home/betegon/vivado/practica1_clase/solution1/.autopilot/db/prodMat.rtl_wrap.cfg.tcl 
Execute       source /home/betegon/vivado/practica1_clase/solution1/.autopilot/db/prodMat.rtl_wrap.cfg.tcl 
Execute       source /home/betegon/vivado/practica1_clase/solution1/.autopilot/db/prodMat.tbgen.tcl 
Execute       source /home/betegon/vivado/practica1_clase/solution1/.autopilot/db/prodMat.tbgen.tcl 
Execute       source /home/betegon/vivado/practica1_clase/solution1/.autopilot/db/global.setting.tcl 
Execute       source /home/betegon/vivado/practica1_clase/solution1/.autopilot/db/prodMat.compgen.tcl 
Execute       source /home/betegon/vivado/practica1_clase/solution1/.autopilot/db/global.setting.tcl 
Execute       source /home/betegon/vivado/practica1_clase/solution1/.autopilot/db/prodMat.compgen.tcl 
Execute         source /home/betegon/vivado/practica1_clase/solution1/.autopilot/db/prodMat.tbgen.tcl 
Execute         source /home/betegon/vivado/practica1_clase/solution1/.autopilot/db/prodMat.tbgen.tcl 
Execute         source /home/betegon/vivado/practica1_clase/solution1/.autopilot/db/prodMat.tbgen.tcl 
Execute       source /home/betegon/vivado/practica1_clase/solution1/.autopilot/db/global.setting.tcl 
Execute       source /home/betegon/vivado/practica1_clase/solution1/.autopilot/db/prodMat.compgen.tcl 
Execute       source /home/betegon/vivado/practica1_clase/solution1/.autopilot/db/global.setting.tcl 
Execute       source /home/betegon/vivado/practica1_clase/solution1/.autopilot/db/prodMat.constraint.tcl 
Execute       source /home/betegon/vivado/practica1_clase/solution1/.autopilot/db/prodMat.tbgen.tcl 
Execute       source /home/betegon/vivado/practica1_clase/solution1/.autopilot/db/global.setting.tcl 
Execute       source /home/betegon/vivado/practica1_clase/solution1/.autopilot/db/global.setting.tcl 
Execute       source /home/betegon/vivado/practica1_clase/solution1/.autopilot/db/global.setting.tcl 
Execute       source /home/betegon/vivado/practica1_clase/solution1/.autopilot/db/prodMat.tbgen.tcl 
Execute       source /home/betegon/vivado/practica1_clase/solution1/.autopilot/db/prodMat.tbgen.tcl 
Execute       source /home/betegon/vivado/practica1_clase/solution1/.autopilot/db/prodMat.tbgen.tcl 
Execute       source /home/betegon/vivado/practica1_clase/solution1/.autopilot/db/global.setting.tcl 
Execute       source /home/betegon/vivado/practica1_clase/solution1/.autopilot/db/prodMat.constraint.tcl 
Execute       sc_get_clocks prodMat 
Execute       source /home/betegon/vivado/practica1_clase/solution1/.autopilot/db/global.setting.tcl 
Execute       get_config_sdx -target 
Execute       get_config_sdx -profile 
Execute       ::config_rtl 
INFO: [HLS 200-111] Finished generating all RTL models Time (s): cpu = 00:00:12 ; elapsed = 00:00:13 . Memory (MB): peak = 497.801 ; gain = 128.000 ; free physical = 148 ; free virtual = 10779
INFO: [SYSC 207-301] Generating SystemC RTL for prodMat.
INFO: [VHDL 208-304] Generating VHDL RTL for prodMat.
INFO: [VLOG 209-307] Generating Verilog RTL for prodMat.
Command     autosyn done; 1.92 sec.
Command   csynth_design done; 12.12 sec.
Command ap_source done; 12.52 sec.
Execute cleanup_all 
